1610655540360	geckodriver	INFO	Listening on 127.0.0.1:59978
1610655543404	mozrunner::runner	INFO	Running command: "C:\\Program Files\\Mozilla Firefox\\firefox.exe" "--marionette" "-foreground" "-no-remote" "-profile" "C:\\Users\\Aytur\\AppData\\Local\\Temp\\rust_mozprofileWBXnH3"
Can't find symbol 'eglSwapBuffersWithDamageEXT'.
Can't find symbol 'eglSetDamageRegionKHR'.
console.warn: SearchSettings: "get: No settings file exists, new profile?" (new Error("", "(unknown module)"))
1610655545155	Marionette	INFO	Listening on port 59987
1610655545455	Marionette	WARN	TLS certificate errors will be ignored for this session
1610655552808	Marionette	INFO	Stopped listening on port 59987

###!!! [Child][RunMessage] Error: Channel closing: too late to send/recv, messages will be lost

1610656080774	geckodriver	INFO	Listening on 127.0.0.1:60124
1610656083803	mozrunner::runner	INFO	Running command: "C:\\Program Files\\Mozilla Firefox\\firefox.exe" "--marionette" "-foreground" "-no-remote" "-profile" "C:\\Users\\Aytur\\AppData\\Local\\Temp\\rust_mozprofilexuzdeL"
Can't find symbol 'eglSwapBuffersWithDamageEXT'.
Can't find symbol 'eglSetDamageRegionKHR'.
console.warn: SearchSettings: "get: No settings file exists, new profile?" (new Error("", "(unknown module)"))
1610656085422	Marionette	INFO	Listening on port 60132
1610656085845	Marionette	WARN	TLS certificate errors will be ignored for this session
1610656093444	Marionette	INFO	Stopped listening on port 60132

###!!! [Child][RunMessage] Error: Channel closing: too late to send/recv, messages will be lost

1610656320192	geckodriver	INFO	Listening on 127.0.0.1:60200
1610656323226	mozrunner::runner	INFO	Running command: "C:\\Program Files\\Mozilla Firefox\\firefox.exe" "--marionette" "-foreground" "-no-remote" "-profile" "C:\\Users\\Aytur\\AppData\\Local\\Temp\\rust_mozprofile0tGZss"
Can't find symbol 'eglSwapBuffersWithDamageEXT'.
Can't find symbol 'eglSetDamageRegionKHR'.
console.warn: SearchSettings: "get: No settings file exists, new profile?" (new Error("", "(unknown module)"))
1610656324797	Marionette	INFO	Listening on port 60209
1610656325283	Marionette	WARN	TLS certificate errors will be ignored for this session
1610656332636	Marionette	INFO	Stopped listening on port 60209

###!!! [Child][RunMessage] Error: Channel closing: too late to send/recv, messages will be lost

